[Bootstrap]
SetupTitle=Install
SetupText=Copying Files, please stand by.
CabFile=Project1.CAB
Spawn=Setup1.exe
Uninstal=st6unst.exe
TmpDir=msftqws.pdw
Cabs=1

[Bootstrap Files]
File1=@VB6STKIT.DLL,$(WinSysPathSysFile),,,3/26/99 12:00:00 AM,101888,6.0.84.50
File2=@COMCAT.DLL,$(WinSysPathSysFile),$(DLLSelfRegister),,5/31/98 12:00:00 AM,22288,4.71.1460.1
File3=@MSVCRT40.DLL,$(WinSysPathSysFile),,,5/31/98 12:00:00 AM,326656,4.21.0.0
File4=@stdole2.tlb,$(WinSysPathSysFile),$(TLBRegister),,8/23/01 12:00:00 PM,17920,3.50.5014.0
File5=@asycfilt.dll,$(WinSysPathSysFile),,,8/23/01 12:00:00 PM,77824,3.50.5014.0
File6=@olepro32.dll,$(WinSysPathSysFile),$(DLLSelfRegister),,8/23/01 12:00:00 PM,106496,5.0.5014.0
File7=@oleaut32.dll,$(WinSysPathSysFile),$(DLLSelfRegister),,8/23/01 12:00:00 PM,569344,3.50.5014.0
File8=@msvbvm60.dll,$(WinSysPathSysFile),$(DLLSelfRegister),,11/21/03 5:33:26 PM,1385744,6.0.96.90

[IconGroups]
Group0=Company System Touristy
PrivateGroup0=True
Parent0=$(Programs)

[Company System Touristy]
Icon1="Project1.exe"
Title1=Company System Touristy
StartIn1=$(AppPath)

[Setup]
Title=Company System Touristy
DefaultDir=$(ProgramFiles)\Project1
AppExe=Project1.exe
AppToUninstall=Project1.exe

[Setup1 Files]
File1=@Company.mdb,$(WinPath),,$(Shared),4/29/05 2:43:44 AM,83968,0.0.0.0
File2=@MSXBSE35.DLL,$(WinSysPathSysFile),$(DLLSelfRegister),,4/23/98 3:00:00 PM,287504,3.51.623.0
File3=@MSTEXT35.DLL,$(WinSysPathSysFile),$(DLLSelfRegister),,4/29/05 3:03:00 AM,165648,3.51.623.0
File4=@MSPDOX35.DLL,$(WinSysPathSysFile),$(DLLSelfRegister),,4/29/05 3:03:00 AM,250128,3.51.623.0
File5=@MDAC_TYP.EXE,$(AppPath),,$(Shared),6/26/98 12:00:00 AM,8124720,4.71.1015.0
File6=@RDOCURS.DLL,$(WinSysPath),,$(Shared),4/29/05 3:03:00 AM,151552,5.0.81.69
File7=@MSRDO20.DLL,$(WinSysPath),$(DLLSelfRegister),$(Shared),6/17/98 3:00:00 PM,393216,6.0.81.69
File8=@MSLTUS35.DLL,$(WinSysPathSysFile),$(DLLSelfRegister),,4/23/98 3:00:00 PM,166160,3.51.623.0
File9=@MSEXCH35.DLL,$(WinSysPath),$(DLLSelfRegister),$(Shared),4/23/98 3:00:00 PM,330000,3.51.623.0
File10=@MSEXCL35.DLL,$(WinSysPathSysFile),$(DLLSelfRegister),,4/23/98 3:00:00 PM,250128,3.51.623.2
File11=@VB5DB.DLL,$(WinSysPath),,$(Shared),6/18/98 12:00:00 AM,89360,6.0.81.69
File12=@MsRepl35.dll,$(WinSysPathSysFile),,,4/23/99 12:22:00 PM,430080,3.51.2404.0
File13=@MSRD2X35.DLL,$(WinSysPathSysFile),$(DLLSelfRegister),,6/28/99 3:05:30 PM,252176,3.51.623.0
File14=@EXPSRV.DLL,$(WinSysPathSysFile),,,12/7/99 12:00:00 PM,379152,6.0.0.8540
File15=@vbajet32.dll,$(WinSysPathSysFile),,,12/7/99 12:00:00 PM,30992,6.0.1.8268
File16=@MSJINT35.DLL,$(WinSysPathSysFile),,,6/28/99 3:05:30 PM,123664,3.51.623.0
File17=@MSJTER35.DLL,$(WinSysPathSysFile),,,6/28/99 3:05:30 PM,24848,3.51.623.0
File18=@MSJET35.DLL,$(WinSysPathSysFile),$(DLLSelfRegister),,6/28/99 3:05:30 PM,1046288,3.51.2723.0
File19=@DAO350.DLL,$(MSDAOPath),$(DLLSelfRegister),$(Shared),4/26/98 2:00:00 PM,570128,3.51.1608.0
File20=@Project1.exe,$(AppPath),,,4/29/05 3:18:56 AM,2011136,1.0.0.0

; The following lines may be deleted in order to obtain extra 
; space for customizing this file on a full installation diskette.
; 
; XXXXXXXXXXXXXXXXXXXXXXXXXXXXXXXXXXXXXXXXXXXXXXXXXXXXXXXXXXXX
; XXXXXXXXXXXXXXXXXXXXXXXXXXXXXXXXXXXXXXXXXXXXXXXXXXXXXXXXXXXX
; XXXXXXXXXXXXXXXXXXXXXXXXXXXXXXXXXXXXXXXXXXXXXXXXXXXXXXXXXXXX
; XXXXXXXXXXXXXXXXXXXXXXXXXXXXXXXXXXXXXXXXXXXXXXXXXXXXXXXXXXXX
; XXXXXXXXXXXXXXXXXXXXXXXXXXXXXXXXXXXXXXXXXXXXXXXXXXXXXXXXXXXX
; XXXXXXXXXXXXXXXXXXXXXXXXXXXXXXXXXXXXXXXXXXXXXXXXXXXXXXXXXXXX
; XXXXXXXXXXXXXXXXXXXXXXXXXXXXXXXXXXXXXXXXXXXXXXXXXXXXXXXXXXXX
; XXXXXXXXXXXXXXXXXXXXXXXXXXXXXXXXXXXXXXXXXXXXXXXXXXXXXXXXXXXX
; XXXXXXXXXXXXXXXXXXXXXXXXXXXXXXXXXXXXXXXXXXXXXXXXXXXXXXXXXXXX
; XXXXXXXXXXXXXXXXXXXXXXXXXXXXXXXXXXXXXXXXXXXXXXXXXXXXXXXXXXXX
; XXXXXXXXXXXXXXXXXXXXXXXXXXXXXXXXXXXXXXXXXXXXXXXXXXXXXXXXXXXX
; XXXXXXXXXXXXXXXXXXXXXXXXXXXXXXXXXXXXXXXXXXXXXXXXXXXXXXXXXXXX
; XXXXXXXXXXXXXXXXXXXXXXXXXXXXXXXXXXXXXXXXXXXXXXXXXXXXXXXXXXXX
; XXXXXXXXXXXXXXXXXXXXXXXXXXXXXXXXXXXXXXXXXXXXXXXXXXXXXXXXXXXX
; XXXXXXXXXXXXXXXXXXXXXXXXXXXXXXXXXXXXXXXXXXXXXXXXXXXXXXXXXXXX
; XXXXXXXXXXXXXXXXXXXXXXXXXXXXXXXXXXXXXXXXXXXXXXXXXXXXXXXXXXXX
; XXXXXXXXXXXXXXXXXXXXXXXXXXXXXXXXXXXXXXXXXXXXXXXXXXXXXXXXXXXX
; XXXXXXXXXXXXXXXXXXXXXXXXXXXXXXXXXXXXXXXXXXXXXXXXXXXXXXXXXXXX
; XXXXXXXXXXXXXXXXXXXXXXXXXXXXXXXXXXXXXXXXXXXXXXXXXXXXXXXXXXXX
; XXXXXXXXXXXXXXXXXXXXXXXXXXXXXXXXXXXXXXXXXXXXXXXXXXXXXXXXXXXX
; XXXXXXXXXXXXXXXXXXXXXXXXXXXXXXXXXXXXXXXXXXXXXXXXXXXXXXXXXXXX
; XXXXXXXXXXXXXXXXXXXXXXXXXXXXXXXXXXXXXXXXXXXXXXXXXXXXXXXXXXXX
; XXXXXXXXXXXXXXXXXXXXXXXXXXXXXXXXXXXXXXXXXXXXXXXXXXXXXXXXXXXX
; XXXXXXXXXXXXXXXXXXXXXXXXXXXXXXXXXXXXXXXXXXXXXXXXXXXXXXXXXXXX
; XXXXXXXXXXXXXXXXXXXXXXXXXXXXXXXXXXXXXXXXXXXXXXXXXXXXXXXXXXXX
; XXXXXXXXXXXXXXXXXXXXXXXXXXXXXXXXXXXXXXXXXXXXXXXXXXXXXXXXXXXX
; XXXXXXXXXXXXXXXXXXXXXXXXXXXXXXXXXXXXXXXXXXXXXXXXXXXXXXXXXXXX
; XXXXXXXXXXXXXXXXXXXXXXXXXXXXXXXXXXXXXXXXXXXXXXXXXXXXXXXXXXXX
; XXXXXXXXXXXXXXXXXXXXXXXXXXXXXXXXXXXXXXXXXXXXXXXXXXXXXXXXXXXX
; XXXXXXXXXXXXXXXXXXXXXXXXXXXXXXXXXXXXXXXXXXXXXXXXXXXXXXXXXXXX
; XXXXXXXXXXXXXXXXXXXXXXXXXXXXXXXXXXXXXXXXXXXXXXXXXXXXXXXXXXXX
; XXXXXXXXXXXXXXXXXXXXXXXXXXXXXXXXXXXXXXXXXXXXXXXXXXXXXXXXXXXX
; XXXXXXXXXXXXXXXXXXXXXXXXXXXXXXXXXXXXXXXXXXXXXXXXXXXXXXXXXXXX
; XXXXXXXXXXXXXXXXXXXXXXXXXXXXXXXXXXXXXXXXXXXXXXXXXXXXXXXXXXXX
; XXXXXXXXXXXXXXXXXXXXXXXXXXXXXXXXXXXXXXXXXXXXXXXXXXXXXXXXXXXX
